INFO:root:tcp connect
INFO:root:RAW message sent by tcp: bytearray(b'$M<\x00\x01\x01')
INFO:root:Recived msg_header: b'$'; msg: b'M>'
INFO:root:RAW message sent by tcp: bytearray(b'$M<\x00\x02\x02')
INFO:root:Recived msg_header: b'$'; msg: b'M>'
INFO:root:RAW message sent by tcp: bytearray(b'$M<\x00\x03\x03')
INFO:root:Recived msg_header: b'$'; msg: b'M>'
INFO:root:RAW message sent by tcp: bytearray(b'$M<\x00\x05\x05')
INFO:root:Recived msg_header: b'$'; msg: b'M>'
INFO:root:RAW message sent by tcp: bytearray(b'$M<\x00\x04\x04')
INFO:root:Recived msg_header: b'$'; msg: b'M>'
INFO:root:RAW message sent by tcp: bytearray(b'$M<\x00\xa0\xa0')
INFO:root:Recived msg_header: b'$'; msg: b'M>'
INFO:root:RAW message sent by tcp: bytearray(b'$M<\x00\xf0\xf0')
INFO:root:Recived msg_header: b'$'; msg: b'M!'
INFO:root:RAW message sent by tcp: bytearray(b'$M<\x00\n\n')
INFO:root:Recived msg_header: b'\x00'; msg: b'\xf0\xf0'
INFO:root:RAW message sent by tcp: bytearray(b'$M<\x00ee')
INFO:root:Recived msg_header: b'$'; msg: b'M>'
INFO:root:RAW message sent by tcp: bytearray(b'$M<\x00\x96\x96')
INFO:root:Recived msg_header: b'$'; msg: b'M>'
INFO:root:RAW message sent by tcp: bytearray(b'$X<\x00\x02 \x00\x00\xb8')
INFO:root:Recived msg_header: b'$'; msg: b'M>'
INFO:root:RAW message sent by tcp: bytearray(b'$M<\x0088')
INFO:root:Recived msg_header: b'$'; msg: b'X>'
INFO:root:tcp_client is connected already
INFO:root:RAW message sent by tcp: bytearray(b'$M<\x00\x01\x01')
INFO:root:Recived msg_header: b'$'; msg: b'M>'
INFO:root:RAW message sent by tcp: bytearray(b'$M<\x00\x02\x02')
INFO:root:Recived msg_header: b'$'; msg: b'M>'
INFO:root:RAW message sent by tcp: bytearray(b'$M<\x00\x03\x03')
INFO:root:Recived msg_header: b'$'; msg: b'M>'
INFO:root:RAW message sent by tcp: bytearray(b'$M<\x00\x05\x05')
INFO:root:Recived msg_header: b'$'; msg: b'M>'
INFO:root:RAW message sent by tcp: bytearray(b'$M<\x00\x04\x04')
INFO:root:Recived msg_header: b'$'; msg: b'M>'
INFO:root:RAW message sent by tcp: bytearray(b'$M<\x00\xa0\xa0')
INFO:root:Recived msg_header: b'$'; msg: b'M>'
INFO:root:RAW message sent by tcp: bytearray(b'$M<\x00\xf0\xf0')
INFO:root:Recived msg_header: b'$'; msg: b'M>'
INFO:root:RAW message sent by tcp: bytearray(b'$M<\x00\n\n')
INFO:root:Recived msg_header: b'$'; msg: b'M!'
INFO:root:RAW message sent by tcp: bytearray(b'$M<\x00ee')
INFO:root:Recived msg_header: b'\x00'; msg: b'\xf0\xf0'
INFO:root:RAW message sent by tcp: bytearray(b'$M<\x00\x96\x96')
INFO:root:Recived msg_header: b'$'; msg: b'M>'
INFO:root:RAW message sent by tcp: bytearray(b'$X<\x00\x02 \x00\x00\xb8')
INFO:root:Recived msg_header: b'$'; msg: b'M>'
INFO:root:RAW message sent by tcp: bytearray(b'$M<\x0088')
INFO:root:Recived msg_header: b'$'; msg: b'M>'
INFO:root:tcp_client is connected already
INFO:root:RAW message sent by tcp: bytearray(b'$M<\x00\x01\x01')
