INFO:root:tcp connect
INFO:root:RAW message sent by tcp: bytearray(b'$M<\x00ff')
INFO:root:Recived msg_header: b'$'; msg: b'M>\x12f\x0e\x00\xf4\xff\x06\x02\x00\x00\x00\x00\x00\x00\x00\x00\x00\x00\x00\x00u'
INFO:root:RAW message sent by tcp: bytearray(b'$M<\x00ll')
INFO:root:Recived msg_header: b'$'; msg: b'M>\x06l\xf3\xff\xf1\xff+\x01B'
INFO:root:RAW message sent by tcp: bytearray(b'$M<\x00ii')
INFO:root:Recived msg_header: b'$'; msg: b'M>$i\xdc\x05\xdc\x05\xdc\x05u\x03\xef\x06\xdc\x05\xdc\x05\xdc\x05\xdc\x05\xdc\x05\xdc\x05\xdc\x05\xdc\x05\xdc\x05\xdc\x05\xdc\x05\xdc\x05\xdc\x05\xd2'
INFO:root:RAW message sent by tcp: bytearray(b'$M<\x00\xde\xde')
INFO:root:Recived msg_header: b'$'; msg: b'M> \xde\xa8g\xff\xff\xb8\x82\x01\x00\x00\x00\x00\x00\x18\xfc\xff\xff\x00\x00\x00\x00\x00\x00\x00\x00\xb5\x0b\x00\x00\xb5\x0b\x00\x00\xee'
INFO:root:RAW message sent by tcp: bytearray(b'$M<\x10\xc8\xdc\x05\xdc\x05\xe8\x03\xdc\x05\xe8\x03\xe8\x03\xe8\x03\xd0\x07\xd6')
INFO:root:Recived msg_header: b'$'; msg: b'M>\x00\xc8\xc8'
INFO:root:RAW message sent by tcp: bytearray(b'$M<\x00ff')
INFO:root:Recived msg_header: b'$'; msg: b'M>\x12f\r\x00\xf4\xff\x06\x02\x00\x00\x00\x00\x00\x00\x00\x00\x00\x00\x00\x00v'
INFO:root:RAW message sent by tcp: bytearray(b'$M<\x00ll')
INFO:root:Recived msg_header: b'$'; msg: b'M>\x06l\xf3\xff\xf1\xff+\x01B'
INFO:root:RAW message sent by tcp: bytearray(b'$M<\x00ii')
INFO:root:Recived msg_header: b'$'; msg: b'M>$i\xdc\x05\xdc\x05\xdc\x05u\x03\xef\x06\xdc\x05\xdc\x05\xdc\x05\xdc\x05\xdc\x05\xdc\x05\xdc\x05\xdc\x05\xdc\x05\xdc\x05\xdc\x05\xdc\x05\xdc\x05\xd2'
INFO:root:RAW message sent by tcp: bytearray(b'$M<\x00\xde\xde')
INFO:root:Recived msg_header: b'$'; msg: b'M> \xde\xa8g\xff\xff\xb8\x82\x01\x00\x00\x00\x00\x00\x18\xfc\xff\xff\x00\x00\x00\x00\x00\x00\x00\x00\xb5\x0b\x00\x00\xb5\x0b\x00\x00\xee'
INFO:root:RAW message sent by tcp: bytearray(b'$M<\x10\xc8\xdc\x05\xdc\x05\xe8\x03\xdc\x05\xe8\x03\xe8\x03\xe8\x03\xd0\x07\xd6')
INFO:root:Recived msg_header: b'$'; msg: b'M>\x00\xc8\xc8'
INFO:root:RAW message sent by tcp: bytearray(b'$M<\x00ff')
INFO:root:Recived msg_header: b'$'; msg: b'M>\x12f\x0e\x00\xf5\xff\x06\x02\x00\x00\x00\x00\x00\x00\x00\x00\x00\x00\x00\x00t'
INFO:root:RAW message sent by tcp: bytearray(b'$M<\x00ll')
INFO:root:Recived msg_header: b'$'; msg: b'M>\x06l\xf3\xff\xf1\xff+\x01B'
INFO:root:RAW message sent by tcp: bytearray(b'$M<\x00ii')
INFO:root:Recived msg_header: b'$'; msg: b'M>$i\xdc\x05\xdc\x05\xdc\x05u\x03\xef\x06\xdc\x05\xdc\x05\xdc\x05\xdc\x05\xdc\x05\xdc\x05\xdc\x05\xdc\x05\xdc\x05\xdc\x05\xdc\x05\xdc\x05\xdc\x05\xd2'
INFO:root:RAW message sent by tcp: bytearray(b'$M<\x00\xde\xde')
INFO:root:Recived msg_header: b'$'; msg: b'M> \xde\xa8g\xff\xff\xb8\x82\x01\x00\x00\x00\x00\x00\x18\xfc\xff\xff\x00\x00\x00\x00\x00\x00\x00\x00\xb5\x0b\x00\x00\xb5\x0b\x00\x00\xee'
INFO:root:RAW message sent by tcp: bytearray(b'$M<\x10\xc8\xdc\x05\xdc\x05\xe8\x03\xdc\x05\xe8\x03\xe8\x03\xe8\x03\xd0\x07\xd6')
INFO:root:Recived msg_header: b'$'; msg: b'M>\x00\xc8\xc8'
INFO:root:RAW message sent by tcp: bytearray(b'$M<\x00ff')
INFO:root:Recived msg_header: b'$'; msg: b'M>\x12f\r\x00\xf4\xff\x05\x02\x00\x00\x00\x00\x00\x00\x00\x00\x00\x00\x00\x00u'
INFO:root:RAW message sent by tcp: bytearray(b'$M<\x00ll')
INFO:root:Recived msg_header: b'$'; msg: b'M>\x06l\xf3\xff\xf1\xff+\x01B'
INFO:root:RAW message sent by tcp: bytearray(b'$M<\x00ii')
INFO:root:Recived msg_header: b'$'; msg: b'M>$i\xdc\x05\xdc\x05\xdc\x05u\x03\xef\x06\xdc\x05\xdc\x05\xdc\x05\xdc\x05\xdc\x05\xdc\x05\xdc\x05\xdc\x05\xdc\x05\xdc\x05\xdc\x05\xdc\x05\xdc\x05\xd2'
INFO:root:RAW message sent by tcp: bytearray(b'$M<\x00\xde\xde')
INFO:root:Recived msg_header: b'$'; msg: b'M> \xde\xa8g\xff\xff\xb8\x82\x01\x00\x00\x00\x00\x00\x18\xfc\xff\xff\x00\x00\x00\x00\x00\x00\x00\x00\xb5\x0b\x00\x00\xb5\x0b\x00\x00\xee'
INFO:root:RAW message sent by tcp: bytearray(b'$M<\x10\xc8\xdc\x05\xdc\x05\xe8\x03\xdc\x05\xe8\x03\xe8\x03\xe8\x03\xd0\x07\xd6')
INFO:root:Recived msg_header: b'$'; msg: b'M>\x00\xc8\xc8'
INFO:root:RAW message sent by tcp: bytearray(b'$M<\x00ff')
INFO:root:Recived msg_header: b'$'; msg: b'M>\x12f\x0e\x00\xf3\xff\x05\x02\x00\x00\x00\x00\x00\x00\x00\x00\x00\x00\x00\x00q'
INFO:root:RAW message sent by tcp: bytearray(b'$M<\x00ll')
INFO:root:Recived msg_header: b'$'; msg: b'M>\x06l\xf3\xff\xf1\xff+\x01B'
INFO:root:RAW message sent by tcp: bytearray(b'$M<\x00ii')
INFO:root:Recived msg_header: b'$'; msg: b'M>$i\xdc\x05\xdc\x05\xdc\x05u\x03\xef\x06\xdc\x05\xdc\x05\xdc\x05\xdc\x05\xdc\x05\xdc\x05\xdc\x05\xdc\x05\xdc\x05\xdc\x05\xdc\x05\xdc\x05\xdc\x05\xd2'
INFO:root:RAW message sent by tcp: bytearray(b'$M<\x00\xde\xde')
INFO:root:Recived msg_header: b'$'; msg: b'M> \xde\xa8g\xff\xff\xb8\x82\x01\x00\x00\x00\x00\x00\x18\xfc\xff\xff\x00\x00\x00\x00\x00\x00\x00\x00\xb5\x0b\x00\x00\xb5\x0b\x00\x00\xee'
INFO:root:RAW message sent by tcp: bytearray(b'$M<\x10\xc8\xdc\x05\xdc\x05\xe8\x03\xdc\x05\xe8\x03\xe8\x03\xe8\x03\xd0\x07\xd6')
INFO:root:Recived msg_header: b'$'; msg: b'M>\x00\xc8\xc8'
INFO:root:RAW message sent by tcp: bytearray(b'$M<\x00ff')
INFO:root:Recived msg_header: b'$'; msg: b'M>\x12f\r\x00\xf4\xff\x05\x02\x00\x00\x00\x00\x00\x00\x00\x00\x00\x00\x00\x00u'
INFO:root:RAW message sent by tcp: bytearray(b'$M<\x00ll')
INFO:root:Recived msg_header: b'$'; msg: b'M>\x06l\xf3\xff\xf1\xff+\x01B'
INFO:root:RAW message sent by tcp: bytearray(b'$M<\x00ii')
INFO:root:Recived msg_header: b'$'; msg: b'M>$i\xdc\x05\xdc\x05\xdc\x05u\x03\xef\x06\xdc\x05\xdc\x05\xdc\x05\xdc\x05\xdc\x05\xdc\x05\xdc\x05\xdc\x05\xdc\x05\xdc\x05\xdc\x05\xdc\x05\xdc\x05\xd2'
INFO:root:RAW message sent by tcp: bytearray(b'$M<\x00\xde\xde')
INFO:root:Recived msg_header: b'$'; msg: b'M> \xde\xa8g\xff\xff\xb8\x82\x01\x00\x00\x00\x00\x00\x18\xfc\xff\xff\x00\x00\x00\x00\x00\x00\x00\x00\xb5\x0b\x00\x00\xb5\x0b\x00\x00\xee'
INFO:root:RAW message sent by tcp: bytearray(b'$M<\x10\xc8\xdc\x05\xdc\x05\xe8\x03\xdc\x05\xe8\x03\xe8\x03\xe8\x03\xd0\x07\xd6')
INFO:root:Recived msg_header: b'$'; msg: b'M>\x00\xc8\xc8'
INFO:root:RAW message sent by tcp: bytearray(b'$M<\x00ff')
INFO:root:Recived msg_header: b'$'; msg: b'M>\x12f\x0e\x00\xf4\xff\x05\x02\x00\x00\x00\x00\x00\x00\x00\x00\x00\x00\x00\x00v'
INFO:root:RAW message sent by tcp: bytearray(b'$M<\x00ll')
INFO:root:Recived msg_header: b'$'; msg: b'M>\x06l\xf3\xff\xf1\xff+\x01B'
INFO:root:RAW message sent by tcp: bytearray(b'$M<\x00ii')
INFO:root:Recived msg_header: b'$'; msg: b'M>$i\xdc\x05\xdc\x05\xdc\x05u\x03\xef\x06\xdc\x05\xdc\x05\xdc\x05\xdc\x05\xdc\x05\xdc\x05\xdc\x05\xdc\x05\xdc\x05\xdc\x05\xdc\x05\xdc\x05\xdc\x05\xd2'
INFO:root:RAW message sent by tcp: bytearray(b'$M<\x00\xde\xde')
INFO:root:Recived msg_header: b'$'; msg: b'M> \xde\xa8g\xff\xff\xb8\x82\x01\x00\x00\x00\x00\x00\x18\xfc\xff\xff\x00\x00\x00\x00\x00\x00\x00\x00\xb5\x0b\x00\x00\xb5\x0b\x00\x00\xee'
INFO:root:RAW message sent by tcp: bytearray(b'$M<\x10\xc8\xdc\x05\xdc\x05\xe8\x03\xdc\x05\xe8\x03\xe8\x03\xe8\x03\xd0\x07\xd6')
INFO:root:Recived msg_header: b'$'; msg: b'M>\x00\xc8\xc8'
INFO:root:RAW message sent by tcp: bytearray(b'$M<\x00ff')
INFO:root:Recived msg_header: b'$'; msg: b'M>\x12f\r\x00\xf4\xff\x06\x02\x00\x00\x00\x00\x00\x00\x00\x00\x00\x00\x00\x00v'
INFO:root:RAW message sent by tcp: bytearray(b'$M<\x00ll')
INFO:root:Recived msg_header: b'$'; msg: b'M>\x06l\xf3\xff\xf1\xff+\x01B'
INFO:root:RAW message sent by tcp: bytearray(b'$M<\x00ii')
INFO:root:Recived msg_header: b'$'; msg: b'M>$i\xdc\x05\xdc\x05\xdc\x05u\x03\xef\x06\xdc\x05\xdc\x05\xdc\x05\xdc\x05\xdc\x05\xdc\x05\xdc\x05\xdc\x05\xdc\x05\xdc\x05\xdc\x05\xdc\x05\xdc\x05\xd2'
INFO:root:RAW message sent by tcp: bytearray(b'$M<\x00\xde\xde')
INFO:root:Recived msg_header: b'$'; msg: b'M> \xde\xa8g\xff\xff\xb8\x82\x01\x00\x00\x00\x00\x00\x18\xfc\xff\xff\x00\x00\x00\x00\x18\xfc\xff\xff\xb5\x0b\x00\x00\xb5\x0b\x00\x00\n'
INFO:root:RAW message sent by tcp: bytearray(b'$M<\x10\xc8\x08\x07\x08\x07\xe8\x03\xdc\x05\xe8\x03\xe8\x03\xe8\x03\xd0\x07\xd6')
INFO:root:Recived msg_header: b'$'; msg: b'M>\x00\xc8\xc8'
INFO:root:RAW message sent by tcp: bytearray(b'$M<\x00ff')
INFO:root:Recived msg_header: b'$'; msg: b'M>\x12f\r\x00\xf4\xff\x06\x02\x00\x00\x00\x00\x00\x00\x00\x00\x00\x00\x00\x00v'
INFO:root:RAW message sent by tcp: bytearray(b'$M<\x00ll')
INFO:root:Recived msg_header: b'$'; msg: b'M>\x06l\xf3\xff\xf1\xff+\x01B'
INFO:root:RAW message sent by tcp: bytearray(b'$M<\x00ii')
INFO:root:Recived msg_header: b'$'; msg: b'M>$i\xdc\x05\xdc\x05\xdc\x05u\x03\xef\x06\xdc\x05\xdc\x05\xdc\x05\xdc\x05\xdc\x05\xdc\x05\xdc\x05\xdc\x05\xdc\x05\xdc\x05\xdc\x05\xdc\x05\xdc\x05\xd2'
INFO:root:RAW message sent by tcp: bytearray(b'$M<\x00\xde\xde')
INFO:root:Recived msg_header: b'$'; msg: b'M> \xde\xa8g\xff\xff\xb8\x82\x01\x00\x00\x00\x00\x00\x18\xfc\xff\xff\x00\x00\x00\x00\x00\x00\x00\x00\xb5\x0b\x00\x00\xb5\x0b\x00\x00\xee'
INFO:root:RAW message sent by tcp: bytearray(b'$M<\x10\xc8\x08\x07\x08\x07\xe8\x03\xdc\x05\xe8\x03\xe8\x03\xe8\x03\xd0\x07\xd6')
INFO:root:Recived msg_header: b'$'; msg: b'M>\x00\xc8\xc8'
INFO:root:RAW message sent by tcp: bytearray(b'$M<\x00ff')
INFO:root:Recived msg_header: b'$'; msg: b'M>\x12f\r\x00\xf4\xff\x05\x02\x00\x00\x00\x00\x00\x00\x00\x00\x00\x00\x00\x00u'
INFO:root:RAW message sent by tcp: bytearray(b'$M<\x00ll')
INFO:root:Recived msg_header: b'$'; msg: b'M>\x06l\xf3\xff\xf1\xff+\x01B'
INFO:root:RAW message sent by tcp: bytearray(b'$M<\x00ii')
INFO:root:Recived msg_header: b'$'; msg: b'M>$i\xdc\x05\xdc\x05\xdc\x05u\x03\xef\x06\xdc\x05\xdc\x05\xdc\x05\xdc\x05\xdc\x05\xdc\x05\xdc\x05\xdc\x05\xdc\x05\xdc\x05\xdc\x05\xdc\x05\xdc\x05\xd2'
INFO:root:RAW message sent by tcp: bytearray(b'$M<\x00\xde\xde')
INFO:root:Recived msg_header: b'$'; msg: b'M> \xde\xa8g\xff\xff\xb8\x82\x01\x00\x00\x00\x00\x00\x18\xfc\xff\xff\x00\x00\x00\x00\x18\xfc\xff\xff\xb5\x0b\x00\x00\xb5\x0b\x00\x00\n'
INFO:root:RAW message sent by tcp: bytearray(b'$M<\x10\xc8\x08\x07\x08\x07\xe8\x03\xdc\x05\xe8\x03\xe8\x03\xe8\x03\xd0\x07\xd6')
INFO:root:Recived msg_header: b'$'; msg: b'M>\x00\xc8\xc8'
INFO:root:RAW message sent by tcp: bytearray(b'$M<\x00ff')
INFO:root:Recived msg_header: b'$'; msg: b'M>\x12f\r\x00\xf4\xff\x06\x02\x00\x00\x00\x00\x00\x00\x00\x00\x00\x00\x00\x00v'
INFO:root:RAW message sent by tcp: bytearray(b'$M<\x00ll')
INFO:root:Recived msg_header: b'$'; msg: b'M>\x06l\xf3\xff\xf1\xff+\x01B'
INFO:root:RAW message sent by tcp: bytearray(b'$M<\x00ii')
INFO:root:Recived msg_header: b'$'; msg: b'M>$i\xdc\x05\xdc\x05\xdc\x05u\x03\xef\x06\xdc\x05\xdc\x05\xdc\x05\xdc\x05\xdc\x05\xdc\x05\xdc\x05\xdc\x05\xdc\x05\xdc\x05\xdc\x05\xdc\x05\xdc\x05\xd2'
INFO:root:RAW message sent by tcp: bytearray(b'$M<\x00\xde\xde')
INFO:root:Recived msg_header: b'$'; msg: b'M> \xde\xa8g\xff\xff\xb8\x82\x01\x00\x00\x00\x00\x00\x18\xfc\xff\xff\x00\x00\x00\x00\x18\xfc\xff\xff\xb5\x0b\x00\x00\xb5\x0b\x00\x00\n'
INFO:root:RAW message sent by tcp: bytearray(b'$M<\x10\xc8\x08\x07\x08\x07\xe8\x03\xdc\x05\xe8\x03\xe8\x03\xe8\x03\xd0\x07\xd6')
INFO:root:Recived msg_header: b'$'; msg: b'M>\x00\xc8\xc8'
INFO:root:RAW message sent by tcp: bytearray(b'$M<\x00ff')
INFO:root:Recived msg_header: b'$'; msg: b'M>\x12f\r\x00\xf4\xff\x06\x02\x00\x00\x00\x00\x00\x00\x00\x00\x00\x00\x00\x00v'
INFO:root:RAW message sent by tcp: bytearray(b'$M<\x00ll')
INFO:root:Recived msg_header: b'$'; msg: b'M>\x06l\xf3\xff\xf1\xff+\x01B'
INFO:root:RAW message sent by tcp: bytearray(b'$M<\x00ii')
INFO:root:Recived msg_header: b'$'; msg: b'M>$i\xdc\x05\xdc\x05\xdc\x05u\x03\xef\x06\xdc\x05\xdc\x05\xdc\x05\xdc\x05\xdc\x05\xdc\x05\xdc\x05\xdc\x05\xdc\x05\xdc\x05\xdc\x05\xdc\x05\xdc\x05\xd2'
INFO:root:RAW message sent by tcp: bytearray(b'$M<\x00\xde\xde')
INFO:root:Recived msg_header: b'$'; msg: b'M> \xde\xa8g\xff\xff\xb8\x82\x01\x00\x00\x00\x00\x00\x18\xfc\xff\xff\x00\x00\x00\x00\x18\xfc\xff\xff\xb6\x0b\x00\x00\xb6\x0b\x00\x00\n'
INFO:root:RAW message sent by tcp: bytearray(b'$M<\x10\xc8\x08\x07\x08\x07\xe8\x03\xdc\x05\xe8\x03\xe8\x03\xe8\x03\xd0\x07\xd6')
INFO:root:Recived msg_header: b'$'; msg: b'M>\x00\xc8\xc8'
INFO:root:RAW message sent by tcp: bytearray(b'$M<\x00ff')
INFO:root:Recived msg_header: b'$'; msg: b'M>\x12f\r\x00\xf4\xff\x05\x02\x00\x00\x00\x00\x00\x00\x00\x00\x00\x00\x00\x00u'
INFO:root:RAW message sent by tcp: bytearray(b'$M<\x00ll')
INFO:root:Recived msg_header: b'$'; msg: b'M>\x06l\xf3\xff\xf1\xff+\x01B'
INFO:root:RAW message sent by tcp: bytearray(b'$M<\x00ii')
INFO:root:Recived msg_header: b'$'; msg: b'M>$i\xdc\x05\xdc\x05\xdc\x05u\x03\xef\x06\xdc\x05\xdc\x05\xdc\x05\xdc\x05\xdc\x05\xdc\x05\xdc\x05\xdc\x05\xdc\x05\xdc\x05\xdc\x05\xdc\x05\xdc\x05\xd2'
INFO:root:RAW message sent by tcp: bytearray(b'$M<\x00\xde\xde')
INFO:root:Recived msg_header: b'$'; msg: b'M> \xde\xa8g\xff\xff\xb8\x82\x01\x00\x00\x00\x00\x00\x18\xfc\xff\xff\x00\x00\x00\x00\x18\xfc\xff\xff\xb6\x0b\x00\x00\xb6\x0b\x00\x00\n'
INFO:root:RAW message sent by tcp: bytearray(b'$M<\x10\xc8\x08\x07\x08\x07\xe8\x03\xdc\x05\xe8\x03\xe8\x03\xe8\x03\xd0\x07\xd6')
INFO:root:Recived msg_header: b'$'; msg: b'M>\x00\xc8\xc8'
INFO:root:RAW message sent by tcp: bytearray(b'$M<\x00ff')
INFO:root:Recived msg_header: b'$'; msg: b'M>\x12f\x0e\x00\xf3\xff\x06\x02\x00\x00\x00\x00\x00\x00\x00\x00\x00\x00\x00\x00r'
INFO:root:RAW message sent by tcp: bytearray(b'$M<\x00ll')
INFO:root:Recived msg_header: b'$'; msg: b'M>\x06l\xf3\xff\xf1\xff+\x01B'
INFO:root:RAW message sent by tcp: bytearray(b'$M<\x00ii')
INFO:root:Recived msg_header: b'$'; msg: b'M>$i\xdc\x05\xdc\x05\xdc\x05u\x03\xef\x06\xdc\x05\xdc\x05\xdc\x05\xdc\x05\xdc\x05\xdc\x05\xdc\x05\xdc\x05\xdc\x05\xdc\x05\xdc\x05\xdc\x05\xdc\x05\xd2'
INFO:root:RAW message sent by tcp: bytearray(b'$M<\x00\xde\xde')
INFO:root:Recived msg_header: b'$'; msg: b'M> \xde\xa8g\xff\xff\xb8\x82\x01\x00\x00\x00\x00\x00\x18\xfc\xff\xff\x00\x00\x00\x00\x18\xfc\xff\xff\xb6\x0b\x00\x00\xb6\x0b\x00\x00\n'
INFO:root:RAW message sent by tcp: bytearray(b'$M<\x10\xc8\x08\x07\x08\x07\xe8\x03\xdc\x05\xe8\x03\xe8\x03\xe8\x03\xd0\x07\xd6')
INFO:root:Recived msg_header: b'$'; msg: b'M>\x00\xc8\xc8'
INFO:root:RAW message sent by tcp: bytearray(b'$M<\x00ff')
INFO:root:Recived msg_header: b'$'; msg: b'M>\x12f\r\x00\xf4\xff\x06\x02\x00\x00\x00\x00\x00\x00\x00\x00\x00\x00\x00\x00v'
INFO:root:RAW message sent by tcp: bytearray(b'$M<\x00ll')
INFO:root:Recived msg_header: b'$'; msg: b'M>\x06l\xf3\xff\xf1\xff+\x01B'
INFO:root:RAW message sent by tcp: bytearray(b'$M<\x00ii')
INFO:root:Recived msg_header: b'$'; msg: b'M>$i\xdc\x05\xdc\x05\xdc\x05u\x03\xef\x06\xdc\x05\xdc\x05\xdc\x05\xdc\x05\xdc\x05\xdc\x05\xdc\x05\xdc\x05\xdc\x05\xdc\x05\xdc\x05\xdc\x05\xdc\x05\xd2'
INFO:root:RAW message sent by tcp: bytearray(b'$M<\x00\xde\xde')
INFO:root:Recived msg_header: b'$'; msg: b'M> \xde\xa8g\xff\xff\xb8\x82\x01\x00\x00\x00\x00\x00\x18\xfc\xff\xff\x00\x00\x00\x00\x18\xfc\xff\xff\xb6\x0b\x00\x00\xb6\x0b\x00\x00\n'
INFO:root:RAW message sent by tcp: bytearray(b'$M<\x10\xc8\x08\x07\x08\x07\xe8\x03\xdc\x05\xe8\x03\xe8\x03\xe8\x03\xd0\x07\xd6')
INFO:root:Recived msg_header: b'$'; msg: b'M>\x00\xc8\xc8'
INFO:root:RAW message sent by tcp: bytearray(b'$M<\x00ff')
INFO:root:Recived msg_header: b'$'; msg: b'M>\x12f\r\x00\xf3\xff\x06\x02\x00\x00\x00\x00\x00\x00\x00\x00\x00\x00\x00\x00q'
INFO:root:RAW message sent by tcp: bytearray(b'$M<\x00ll')
INFO:root:Recived msg_header: b'$'; msg: b'M>\x06l\xf3\xff\xf1\xff+\x01B'
INFO:root:RAW message sent by tcp: bytearray(b'$M<\x00ii')
INFO:root:Recived msg_header: b'$'; msg: b'M>$i\xdc\x05\xdc\x05\xdc\x05u\x03\xef\x06\xdc\x05\xdc\x05\xdc\x05\xdc\x05\xdc\x05\xdc\x05\xdc\x05\xdc\x05\xdc\x05\xdc\x05\xdc\x05\xdc\x05\xdc\x05\xd2'
INFO:root:RAW message sent by tcp: bytearray(b'$M<\x00\xde\xde')
INFO:root:Recived msg_header: b'$'; msg: b'M> \xde\xa8g\xff\xff\xb8\x82\x01\x00\x00\x00\x00\x00\x18\xfc\xff\xff\x00\x00\x00\x00\x18\xfc\xff\xff\xb6\x0b\x00\x00\xb6\x0b\x00\x00\n'
INFO:root:RAW message sent by tcp: bytearray(b'$M<\x10\xc8\x08\x07\x08\x07\xe8\x03\xdc\x05\xe8\x03\xe8\x03\xe8\x03\xd0\x07\xd6')
INFO:root:Recived msg_header: b'$'; msg: b'M>\x00\xc8\xc8'
INFO:root:RAW message sent by tcp: bytearray(b'$M<\x00ff')
INFO:root:Recived msg_header: b'$'; msg: b'M>\x12f\r\x00\xf4\xff\x07\x02\x00\x00\x00\x00\x00\x00\x00\x00\x00\x00\x00\x00w'
INFO:root:RAW message sent by tcp: bytearray(b'$M<\x00ll')
INFO:root:Recived msg_header: b'$'; msg: b'M>\x06l\xf3\xff\xf1\xff+\x01B'
INFO:root:RAW message sent by tcp: bytearray(b'$M<\x00ii')
INFO:root:Recived msg_header: b'$'; msg: b'M>$i\xdc\x05\xdc\x05\xdc\x05u\x03\xef\x06\xdc\x05\xdc\x05\xdc\x05\xdc\x05\xdc\x05\xdc\x05\xdc\x05\xdc\x05\xdc\x05\xdc\x05\xdc\x05\xdc\x05\xdc\x05\xd2'
INFO:root:RAW message sent by tcp: bytearray(b'$M<\x00\xde\xde')
INFO:root:Recived msg_header: b'$'; msg: b'M> \xde\xa8g\xff\xff\xb8\x82\x01\x00\x00\x00\x00\x00\x00\x00\x00\x00\x00\x00\x00\x00\x18\xfc\xff\xff\xb6\x0b\x00\x00\xb6\x0b\x00\x00\xee'
INFO:root:RAW message sent by tcp: bytearray(b'$M<\x10\xc8\x08\x07\x08\x07\xe8\x03\xdc\x05\xe8\x03\xe8\x03\xe8\x03\xd0\x07\xd6')
INFO:root:Recived msg_header: b'$'; msg: b'M>\x00\xc8\xc8'
INFO:root:RAW message sent by tcp: bytearray(b'$M<\x00ff')
INFO:root:Recived msg_header: b'$'; msg: b'M>\x12f\r\x00\xf3\xff\x06\x02\x00\x00\x00\x00\x00\x00\x00\x00\x00\x00\x00\x00q'
INFO:root:RAW message sent by tcp: bytearray(b'$M<\x00ll')
INFO:root:Recived msg_header: b'$'; msg: b'M>\x06l\xf3\xff\xf1\xff+\x01B'
INFO:root:RAW message sent by tcp: bytearray(b'$M<\x00ii')
INFO:root:Recived msg_header: b'$'; msg: b'M>$i\xdc\x05\xdc\x05\xdc\x05u\x03\xef\x06\xdc\x05\xdc\x05\xdc\x05\xdc\x05\xdc\x05\xdc\x05\xdc\x05\xdc\x05\xdc\x05\xdc\x05\xdc\x05\xdc\x05\xdc\x05\xd2'
INFO:root:RAW message sent by tcp: bytearray(b'$M<\x00\xde\xde')
INFO:root:Recived msg_header: b'$'; msg: b'M> \xde\xa8g\xff\xff\xb8\x82\x01\x00\x00\x00\x00\x00\x00\x00\x00\x00\x00\x00\x00\x00\x00\x00\x00\x00\xb6\x0b\x00\x00\xb6\x0b\x00\x00\n'
INFO:root:RAW message sent by tcp: bytearray(b'$M<\x10\xc8\x08\x07\x08\x07\xe8\x03\xdc\x05\xe8\x03\xe8\x03\xe8\x03\xd0\x07\xd6')
INFO:root:Recived msg_header: b'$'; msg: b'M>\x00\xc8\xc8'
INFO:root:RAW message sent by tcp: bytearray(b'$M<\x00ff')
INFO:root:Recived msg_header: b'$'; msg: b'M>\x12f\x0e\x00\xf3\xff\x07\x02\x00\x00\x00\x00\x00\x00\x00\x00\x00\x00\x00\x00s'
INFO:root:RAW message sent by tcp: bytearray(b'$M<\x00ll')
INFO:root:Recived msg_header: b'$'; msg: b'M>\x06l\xf3\xff\xf1\xff+\x01B'
INFO:root:RAW message sent by tcp: bytearray(b'$M<\x00ii')
INFO:root:Recived msg_header: b'$'; msg: b'M>$i\xdc\x05\xdc\x05\xdc\x05u\x03\xef\x06\xdc\x05\xdc\x05\xdc\x05\xdc\x05\xdc\x05\xdc\x05\xdc\x05\xdc\x05\xdc\x05\xdc\x05\xdc\x05\xdc\x05\xdc\x05\xd2'
INFO:root:RAW message sent by tcp: bytearray(b'$M<\x00\xde\xde')
INFO:root:Recived msg_header: b'$'; msg: b'M> \xde\xa8g\xff\xff\xb8\x82\x01\x00\x00\x00\x00\x00\x00\x00\x00\x00\x00\x00\x00\x00\x00\x00\x00\x00\xb6\x0b\x00\x00\xb6\x0b\x00\x00\n'
INFO:root:RAW message sent by tcp: bytearray(b'$M<\x10\xc8\x08\x07\x08\x07\xe8\x03\xdc\x05\xe8\x03\xe8\x03\xe8\x03\xd0\x07\xd6')
INFO:root:Recived msg_header: b'$'; msg: b'M>\x00\xc8\xc8'
INFO:root:RAW message sent by tcp: bytearray(b'$M<\x00ff')
INFO:root:Recived msg_header: b'$'; msg: b'M>\x12f\r\x00\xf4\xff\x06\x02\x00\x00\x00\x00\x00\x00\x00\x00\x00\x00\x00\x00v'
INFO:root:RAW message sent by tcp: bytearray(b'$M<\x00ll')
INFO:root:Recived msg_header: b'$'; msg: b'M>\x06l\xf3\xff\xf1\xff+\x01B'
INFO:root:RAW message sent by tcp: bytearray(b'$M<\x00ii')
INFO:root:Recived msg_header: b'$'; msg: b'M>$i\xdc\x05\xdc\x05\xdc\x05u\x03\xef\x06\xdc\x05\xdc\x05\xdc\x05\xdc\x05\xdc\x05\xdc\x05\xdc\x05\xdc\x05\xdc\x05\xdc\x05\xdc\x05\xdc\x05\xdc\x05\xd2'
INFO:root:RAW message sent by tcp: bytearray(b'$M<\x00\xde\xde')
INFO:root:Recived msg_header: b'$'; msg: b'M> \xde\xa8g\xff\xff\xb8\x82\x01\x00\x00\x00\x00\x00\x00\x00\x00\x00\x00\x00\x00\x00\x00\x00\x00\x00\xb6\x0b\x00\x00\xb6\x0b\x00\x00\n'
INFO:root:RAW message sent by tcp: bytearray(b'$M<\x10\xc8\x08\x07\x08\x07\xe8\x03\xdc\x05\xe8\x03\xe8\x03\xe8\x03\xd0\x07\xd6')
INFO:root:Recived msg_header: b'$'; msg: b'M>\x00\xc8\xc8'
INFO:root:RAW message sent by tcp: bytearray(b'$M<\x00ff')
INFO:root:Recived msg_header: b'$'; msg: b'M>\x12f\x0e\x00\xf4\xff\x07\x02\x00\x00\x00\x00\x00\x00\x00\x00\x00\x00\x00\x00t'
INFO:root:RAW message sent by tcp: bytearray(b'$M<\x00ll')
INFO:root:Recived msg_header: b'$'; msg: b'M>\x06l\xf3\xff\xf1\xff+\x01B'
INFO:root:RAW message sent by tcp: bytearray(b'$M<\x00ii')
INFO:root:Recived msg_header: b'$'; msg: b'M>$i\xdc\x05\xdc\x05\xdc\x05u\x03\xef\x06\xdc\x05\xdc\x05\xdc\x05\xdc\x05\xdc\x05\xdc\x05\xdc\x05\xdc\x05\xdc\x05\xdc\x05\xdc\x05\xdc\x05\xdc\x05\xd2'
INFO:root:RAW message sent by tcp: bytearray(b'$M<\x00\xde\xde')
INFO:root:Recived msg_header: b'$'; msg: b'M> \xde\xa8g\xff\xff\xb8\x82\x01\x00\x00\x00\x00\x00\x00\x00\x00\x00\x00\x00\x00\x00\x00\x00\x00\x00\xb6\x0b\x00\x00\xb6\x0b\x00\x00\n'
INFO:root:RAW message sent by tcp: bytearray(b'$M<\x10\xc8\x08\x07\x08\x07\xe8\x03\xdc\x05\xe8\x03\xe8\x03\xe8\x03\xd0\x07\xd6')
INFO:root:Recived msg_header: b'$'; msg: b'M>\x00\xc8\xc8'
INFO:root:RAW message sent by tcp: bytearray(b'$M<\x00ff')
INFO:root:Recived msg_header: b'$'; msg: b'M>\x12f\x0e\x00\xf4\xff\x07\x02\x00\x00\x00\x00\x00\x00\x00\x00\x00\x00\x00\x00t'
INFO:root:RAW message sent by tcp: bytearray(b'$M<\x00ll')
INFO:root:Recived msg_header: b'$'; msg: b'M>\x06l\xf3\xff\xf1\xff+\x01B'
INFO:root:RAW message sent by tcp: bytearray(b'$M<\x00ii')
INFO:root:Recived msg_header: b'$'; msg: b'M>$i\xdc\x05\xdc\x05\xdc\x05u\x03\xef\x06\xdc\x05\xdc\x05\xdc\x05\xdc\x05\xdc\x05\xdc\x05\xdc\x05\xdc\x05\xdc\x05\xdc\x05\xdc\x05\xdc\x05\xdc\x05\xd2'
INFO:root:RAW message sent by tcp: bytearray(b'$M<\x00\xde\xde')
INFO:root:Recived msg_header: b'$'; msg: b'M> \xde\xa8g\xff\xff\xb8\x82\x01\x00\x00\x00\x00\x00\x00\x00\x00\x00\x00\x00\x00\x00\x00\x00\x00\x00\xb6\x0b\x00\x00\xb6\x0b\x00\x00\n'
INFO:root:RAW message sent by tcp: bytearray(b'$M<\x10\xc8\x08\x07\x08\x07\xe8\x03\xdc\x05\xe8\x03\xe8\x03\xe8\x03\xd0\x07\xd6')
INFO:root:Recived msg_header: b'$'; msg: b'M>\x00\xc8\xc8'
INFO:root:RAW message sent by tcp: bytearray(b'$M<\x00ff')
INFO:root:Recived msg_header: b'$'; msg: b'M>\x12f\r\x00\xf4\xff\x07\x02\x00\x00\x00\x00\x00\x00\x00\x00\x00\x00\x00\x00w'
INFO:root:RAW message sent by tcp: bytearray(b'$M<\x00ll')
INFO:root:Recived msg_header: b'$'; msg: b'M>\x06l\xf3\xff\xf1\xff+\x01B'
INFO:root:RAW message sent by tcp: bytearray(b'$M<\x00ii')
INFO:root:Recived msg_header: b'$'; msg: b'M>$i\xdc\x05\xdc\x05\xdc\x05u\x03\xef\x06\xdc\x05\xdc\x05\xdc\x05\xdc\x05\xdc\x05\xdc\x05\xdc\x05\xdc\x05\xdc\x05\xdc\x05\xdc\x05\xdc\x05\xdc\x05\xd2'
INFO:root:RAW message sent by tcp: bytearray(b'$M<\x00\xde\xde')
INFO:root:Recived msg_header: b'$'; msg: b'M> \xde\xa8g\xff\xff\xb8\x82\x01\x00\x00\x00\x00\x00\x00\x00\x00\x00\x00\x00\x00\x00\x00\x00\x00\x00\xb6\x0b\x00\x00\xb6\x0b\x00\x00\n'
INFO:root:RAW message sent by tcp: bytearray(b'$M<\x10\xc8\x08\x07\x08\x07\xe8\x03\xdc\x05\xe8\x03\xe8\x03\xe8\x03\xd0\x07\xd6')
INFO:root:Recived msg_header: b'$'; msg: b'M>\x00\xc8\xc8'
INFO:root:RAW message sent by tcp: bytearray(b'$M<\x00ff')
INFO:root:Recived msg_header: b'$'; msg: b'M>\x12f\r\x00\xf4\xff\x06\x02\x00\x00\x00\x00\x00\x00\x00\x00\x00\x00\x00\x00v'
INFO:root:RAW message sent by tcp: bytearray(b'$M<\x00ll')
INFO:root:Recived msg_header: b'$'; msg: b'M>\x06l\xf3\xff\xf1\xff+\x01B'
INFO:root:RAW message sent by tcp: bytearray(b'$M<\x00ii')
INFO:root:Recived msg_header: b'$'; msg: b'M>$i\xdc\x05\xdc\x05\xdc\x05u\x03\xef\x06\xdc\x05\xdc\x05\xdc\x05\xdc\x05\xdc\x05\xdc\x05\xdc\x05\xdc\x05\xdc\x05\xdc\x05\xdc\x05\xdc\x05\xdc\x05\xd2'
INFO:root:RAW message sent by tcp: bytearray(b'$M<\x00\xde\xde')
INFO:root:Recived msg_header: b'$'; msg: b'M> \xde\xa8g\xff\xff\xb8\x82\x01\x00\x00\x00\x00\x00\x00\x00\x00\x00\x00\x00\x00\x00\x00\x00\x00\x00\xb6\x0b\x00\x00\xb6\x0b\x00\x00\n'
INFO:root:RAW message sent by tcp: bytearray(b'$M<\x10\xc8\x08\x07\x08\x07\xe8\x03\xdc\x05\xe8\x03\xe8\x03\xe8\x03\xd0\x07\xd6')
INFO:root:Recived msg_header: b'$'; msg: b'M>\x00\xc8\xc8'
INFO:root:RAW message sent by tcp: bytearray(b'$M<\x00ff')
INFO:root:Recived msg_header: b'$'; msg: b'M>\x12f\x0e\x00\xf3\xff\x06\x02\x00\x00\x00\x00\x00\x00\x00\x00\x00\x00\x00\x00r'
INFO:root:RAW message sent by tcp: bytearray(b'$M<\x00ll')
INFO:root:Recived msg_header: b'$'; msg: b'M>\x06l\xf3\xff\xf1\xff+\x01B'
INFO:root:RAW message sent by tcp: bytearray(b'$M<\x00ii')
INFO:root:Recived msg_header: b'$'; msg: b'M>$i\xdc\x05\xdc\x05\xdc\x05u\x03\xef\x06\xdc\x05\xdc\x05\xdc\x05\xdc\x05\xdc\x05\xdc\x05\xdc\x05\xdc\x05\xdc\x05\xdc\x05\xdc\x05\xdc\x05\xdc\x05\xd2'
INFO:root:RAW message sent by tcp: bytearray(b'$M<\x00\xde\xde')
INFO:root:Recived msg_header: b'$'; msg: b'M> \xde\xa8g\xff\xff\xb8\x82\x01\x00\x00\x00\x00\x00\x00\x00\x00\x00\x00\x00\x00\x00\xe8\x03\x00\x00\xb6\x0b\x00\x00\xb6\x0b\x00\x00\xe1'
INFO:root:RAW message sent by tcp: bytearray(b'$M<\x10\xc8\x08\x07\x08\x07\xe8\x03\xdc\x05\xe8\x03\xe8\x03\xe8\x03\xd0\x07\xd6')
INFO:root:Recived msg_header: b'$'; msg: b'M>\x00\xc8\xc8'
INFO:root:RAW message sent by tcp: bytearray(b'$M<\x00ff')
INFO:root:Recived msg_header: b'$'; msg: b'M>\x12f\x0c\x00\xf4\xff\x06\x02\x00\x00\x00\x00\x00\x00\x00\x00\x00\x00\x00\x00w'
INFO:root:RAW message sent by tcp: bytearray(b'$M<\x00ll')
INFO:root:Recived msg_header: b'$'; msg: b'M>\x06l\xf3\xff\xf1\xff+\x01B'
INFO:root:RAW message sent by tcp: bytearray(b'$M<\x00ii')
INFO:root:Recived msg_header: b'$'; msg: b'M>$i\xdc\x05\xdc\x05\xdc\x05u\x03\xef\x06\xdc\x05\xdc\x05\xdc\x05\xdc\x05\xdc\x05\xdc\x05\xdc\x05\xdc\x05\xdc\x05\xdc\x05\xdc\x05\xdc\x05\xdc\x05\xd2'
INFO:root:RAW message sent by tcp: bytearray(b'$M<\x00\xde\xde')
INFO:root:Recived msg_header: b'$'; msg: b'M> \xde\xa8g\xff\xff\xb8\x82\x01\x00\x00\x00\x00\x00\x00\x00\x00\x00\x00\x00\x00\x00\xe8\x03\x00\x00\xb6\x0b\x00\x00\xb6\x0b\x00\x00\xe1'
INFO:root:RAW message sent by tcp: bytearray(b'$M<\x10\xc8\x08\x07\x08\x07\xe8\x03\xdc\x05\xe8\x03\xe8\x03\xe8\x03\xd0\x07\xd6')
INFO:root:Recived msg_header: b'$'; msg: b'M>\x00\xc8\xc8'
INFO:root:RAW message sent by tcp: bytearray(b'$M<\x00ff')
INFO:root:Recived msg_header: b'$'; msg: b'M>\x12f\r\x00\xf4\xff\x06\x02\x00\x00\x00\x00\x00\x00\x00\x00\x00\x00\x00\x00v'
INFO:root:RAW message sent by tcp: bytearray(b'$M<\x00ll')
INFO:root:Recived msg_header: b'$'; msg: b'M>\x06l\xf3\xff\xf1\xff+\x01B'
INFO:root:RAW message sent by tcp: bytearray(b'$M<\x00ii')
INFO:root:Recived msg_header: b'$'; msg: b'M>$i\xdc\x05\xdc\x05\xdc\x05u\x03\xef\x06\xdc\x05\xdc\x05\xdc\x05\xdc\x05\xdc\x05\xdc\x05\xdc\x05\xdc\x05\xdc\x05\xdc\x05\xdc\x05\xdc\x05\xdc\x05\xd2'
INFO:root:RAW message sent by tcp: bytearray(b'$M<\x00\xde\xde')
INFO:root:Recived msg_header: b'$'; msg: b'M> \xde\xa8g\xff\xff\xb8\x82\x01\x00\x00\x00\x00\x00\x00\x00\x00\x00\x00\x00\x00\x00\xe8\x03\x00\x00\xb6\x0b\x00\x00\xb6\x0b\x00\x00\xe1'
INFO:root:RAW message sent by tcp: bytearray(b'$M<\x10\xc8\x08\x07\x08\x07\xe8\x03\xdc\x05\xe8\x03\xe8\x03\xe8\x03\xd0\x07\xd6')
INFO:root:Recived msg_header: b'$'; msg: b'M>\x00\xc8\xc8'
INFO:root:RAW message sent by tcp: bytearray(b'$M<\x00ff')
INFO:root:Recived msg_header: b'$'; msg: b'M>\x12f\r\x00\xf4\xff\x07\x02\x00\x00\x00\x00\x00\x00\x00\x00\x00\x00\x00\x00w'
INFO:root:RAW message sent by tcp: bytearray(b'$M<\x00ll')
INFO:root:Recived msg_header: b'$'; msg: b'M>\x06l\xf3\xff\xf1\xff+\x01B'
INFO:root:RAW message sent by tcp: bytearray(b'$M<\x00ii')
INFO:root:Recived msg_header: b'$'; msg: b'M>$i\xdc\x05\xdc\x05\xdc\x05u\x03\xef\x06\xdc\x05\xdc\x05\xdc\x05\xdc\x05\xdc\x05\xdc\x05\xdc\x05\xdc\x05\xdc\x05\xdc\x05\xdc\x05\xdc\x05\xdc\x05\xd2'
INFO:root:RAW message sent by tcp: bytearray(b'$M<\x00\xde\xde')
INFO:root:Recived msg_header: b'$'; msg: b'M> \xde\xa8g\xff\xff\xb8\x82\x01\x00\x00\x00\x00\x00\x18\xfc\xff\xff\x00\x00\x00\x00\xe8\x03\x00\x00\xb6\x0b\x00\x00\xb6\x0b\x00\x00\x05'
INFO:root:RAW message sent by tcp: bytearray(b'$M<\x10\xc8\x08\x07\x08\x07\xe8\x03\xdc\x05\xe8\x03\xe8\x03\xe8\x03\xd0\x07\xd6')
INFO:root:Recived msg_header: b'$'; msg: b'M>\x00\xc8\xc8'
INFO:root:RAW message sent by tcp: bytearray(b'$M<\x00ff')
INFO:root:Recived msg_header: b'$'; msg: b'M>\x12f\r\x00\xf4\xff\x07\x02\x00\x00\x00\x00\x00\x00\x00\x00\x00\x00\x00\x00w'
INFO:root:RAW message sent by tcp: bytearray(b'$M<\x00ll')
INFO:root:Recived msg_header: b'$'; msg: b'M>\x06l\xf3\xff\xf1\xff+\x01B'
INFO:root:RAW message sent by tcp: bytearray(b'$M<\x00ii')
INFO:root:Recived msg_header: b'$'; msg: b'M>$i\xdc\x05\xdc\x05\xdc\x05u\x03\xef\x06\xdc\x05\xdc\x05\xdc\x05\xdc\x05\xdc\x05\xdc\x05\xdc\x05\xdc\x05\xdc\x05\xdc\x05\xdc\x05\xdc\x05\xdc\x05\xd2'
INFO:root:RAW message sent by tcp: bytearray(b'$M<\x00\xde\xde')
INFO:root:Recived msg_header: b'$'; msg: b'M> \xde\xa8g\xff\xff\xb8\x82\x01\x00\x00\x00\x00\x00\x18\xfc\xff\xff\x00\x00\x00\x00\xe8\x03\x00\x00\xb6\x0b\x00\x00\xb6\x0b\x00\x00\x05'
INFO:root:RAW message sent by tcp: bytearray(b'$M<\x10\xc8\x08\x07\x08\x07\xe8\x03\xdc\x05\xe8\x03\xe8\x03\xe8\x03\xd0\x07\xd6')
INFO:root:Recived msg_header: b'$'; msg: b'M>\x00\xc8\xc8'
INFO:root:RAW message sent by tcp: bytearray(b'$M<\x00ff')
INFO:root:Recived msg_header: b'$'; msg: b'M>\x12f\x0e\x00\xf4\xff\x07\x02\x00\x00\x00\x00\x00\x00\x00\x00\x00\x00\x00\x00t'
INFO:root:RAW message sent by tcp: bytearray(b'$M<\x00ll')
INFO:root:Recived msg_header: b'$'; msg: b'M>\x06l\xf3\xff\xf1\xff+\x01B'
INFO:root:RAW message sent by tcp: bytearray(b'$M<\x00ii')
INFO:root:Recived msg_header: b'$'; msg: b'M>$i\xdc\x05\xdc\x05\xdc\x05u\x03\xef\x06\xdc\x05\xdc\x05\xdc\x05\xdc\x05\xdc\x05\xdc\x05\xdc\x05\xdc\x05\xdc\x05\xdc\x05\xdc\x05\xdc\x05\xdc\x05\xd2'
INFO:root:RAW message sent by tcp: bytearray(b'$M<\x00\xde\xde')
INFO:root:Recived msg_header: b'$'; msg: b'M> \xde\xa8g\xff\xff\xb8\x82\x01\x00\x00\x00\x00\x00\x18\xfc\xff\xff\x00\x00\x00\x00\xe8\x03\x00\x00\xb7\x0b\x00\x00\xb7\x0b\x00\x00\x05'
INFO:root:RAW message sent by tcp: bytearray(b'$M<\x10\xc8\x08\x07\x08\x07\xe8\x03\xdc\x05\xe8\x03\xe8\x03\xe8\x03\xd0\x07\xd6')
INFO:root:Recived msg_header: b'$'; msg: b'M>\x00\xc8\xc8'
INFO:root:RAW message sent by tcp: bytearray(b'$M<\x00ff')
INFO:root:Recived msg_header: b'$'; msg: b'M>\x12f\x0e\x00\xf4\xff\x07\x02\x00\x00\x00\x00\x00\x00\x00\x00\x00\x00\x00\x00t'
INFO:root:RAW message sent by tcp: bytearray(b'$M<\x00ll')
INFO:root:Recived msg_header: b'$'; msg: b'M>\x06l\xf3\xff\xf1\xff+\x01B'
INFO:root:RAW message sent by tcp: bytearray(b'$M<\x00ii')
INFO:root:Recived msg_header: b'$'; msg: b'M>$i\xdc\x05\xdc\x05\xdc\x05u\x03\xef\x06\xdc\x05\xdc\x05\xdc\x05\xdc\x05\xdc\x05\xdc\x05\xdc\x05\xdc\x05\xdc\x05\xdc\x05\xdc\x05\xdc\x05\xdc\x05\xd2'
INFO:root:RAW message sent by tcp: bytearray(b'$M<\x00\xde\xde')
INFO:root:Recived msg_header: b'$'; msg: b'M> \xde\xa8g\xff\xff\xb8\x82\x01\x00\x00\x00\x00\x00\x18\xfc\xff\xff\x18\xfc\xff\xff\xe8\x03\x00\x00\xb7\x0b\x00\x00\xb7\x0b\x00\x00\xe1'
INFO:root:RAW message sent by tcp: bytearray(b'$M<\x10\xc8\x08\x07\x08\x07\xe8\x03\xdc\x05\xe8\x03\xe8\x03\xe8\x03\xd0\x07\xd6')
INFO:root:Recived msg_header: b'$'; msg: b'M>\x00\xc8\xc8'
INFO:root:RAW message sent by tcp: bytearray(b'$M<\x00ff')
INFO:root:Recived msg_header: b'$'; msg: b'M>\x12f\r\x00\xf4\xff\x07\x02\x00\x00\x00\x00\x00\x00\x00\x00\x00\x00\x00\x00w'
INFO:root:RAW message sent by tcp: bytearray(b'$M<\x00ll')
INFO:root:Recived msg_header: b'$'; msg: b'M>\x06l\xf3\xff\xf1\xff+\x01B'
INFO:root:RAW message sent by tcp: bytearray(b'$M<\x00ii')
INFO:root:Recived msg_header: b'$'; msg: b'M>$i\xdc\x05\xdc\x05\xdc\x05u\x03\xef\x06\xdc\x05\xdc\x05\xdc\x05\xdc\x05\xdc\x05\xdc\x05\xdc\x05\xdc\x05\xdc\x05\xdc\x05\xdc\x05\xdc\x05\xdc\x05\xd2'
INFO:root:RAW message sent by tcp: bytearray(b'$M<\x00\xde\xde')
INFO:root:Recived msg_header: b'$'; msg: b'M> \xde\xa8g\xff\xff\xb8\x82\x01\x00\x00\x00\x00\x00\x00\x00\x00\x00\x18\xfc\xff\xff\xe8\x03\x00\x00\xb7\x0b\x00\x00\xb7\x0b\x00\x00\x05'
INFO:root:RAW message sent by tcp: bytearray(b'$M<\x10\xc8\x08\x07\x08\x07\xe8\x03\xdc\x05\xe8\x03\xe8\x03\xe8\x03\xd0\x07\xd6')
INFO:root:Recived msg_header: b'$'; msg: b'M>\x00\xc8\xc8'
INFO:root:RAW message sent by tcp: bytearray(b'$M<\x00ff')
INFO:root:Recived msg_header: b'$'; msg: b'M>\x12f\r\x00\xf4\xff\x06\x02\x00\x00\x00\x00\x00\x00\x00\x00\x00\x00\x00\x00v'
INFO:root:RAW message sent by tcp: bytearray(b'$M<\x00ll')
INFO:root:Recived msg_header: b'$'; msg: b'M>\x06l\xf3\xff\xf1\xff+\x01B'
INFO:root:RAW message sent by tcp: bytearray(b'$M<\x00ii')
INFO:root:Recived msg_header: b'$'; msg: b'M>$i\xdc\x05\xdc\x05\xdc\x05u\x03\xef\x06\xdc\x05\xdc\x05\xdc\x05\xdc\x05\xdc\x05\xdc\x05\xdc\x05\xdc\x05\xdc\x05\xdc\x05\xdc\x05\xdc\x05\xdc\x05\xd2'
INFO:root:RAW message sent by tcp: bytearray(b'$M<\x00\xde\xde')
INFO:root:Recived msg_header: b'$'; msg: b'M> \xde\xa8g\xff\xff\xb8\x82\x01\x00\x00\x00\x00\x00\x00\x00\x00\x00\x18\xfc\xff\xff\xe8\x03\x00\x00\xb7\x0b\x00\x00\xb7\x0b\x00\x00\x05'
INFO:root:RAW message sent by tcp: bytearray(b'$M<\x10\xc8\x08\x07\x08\x07\xe8\x03\xdc\x05\xe8\x03\xe8\x03\xe8\x03\xd0\x07\xd6')
INFO:root:Recived msg_header: b'$'; msg: b'M>\x00\xc8\xc8'
INFO:root:RAW message sent by tcp: bytearray(b'$M<\x00ff')
INFO:root:Recived msg_header: b'$'; msg: b'M>\x12f\r\x00\xf4\xff\x06\x02\x00\x00\x00\x00\x00\x00\x00\x00\x00\x00\x00\x00v'
INFO:root:RAW message sent by tcp: bytearray(b'$M<\x00ll')
INFO:root:Recived msg_header: b'$'; msg: b'M>\x06l\xf3\xff\xf1\xff+\x01B'
INFO:root:RAW message sent by tcp: bytearray(b'$M<\x00ii')
INFO:root:Recived msg_header: b'$'; msg: b'M>$i\xdc\x05\xdc\x05\xdc\x05u\x03\xef\x06\xdc\x05\xdc\x05\xdc\x05\xdc\x05\xdc\x05\xdc\x05\xdc\x05\xdc\x05\xdc\x05\xdc\x05\xdc\x05\xdc\x05\xdc\x05\xd2'
INFO:root:RAW message sent by tcp: bytearray(b'$M<\x00\xde\xde')
INFO:root:Recived msg_header: b'$'; msg: b'M> \xde\xa8g\xff\xff\xb8\x82\x01\x00\x00\x00\x00\x00\x00\x00\x00\x00\x18\xfc\xff\xff\xe8\x03\x00\x00\xb7\x0b\x00\x00\xb7\x0b\x00\x00\x05'
INFO:root:RAW message sent by tcp: bytearray(b'$M<\x10\xc8\x08\x07\x08\x07\xe8\x03\xdc\x05\xe8\x03\xe8\x03\xe8\x03\xd0\x07\xd6')
INFO:root:Recived msg_header: b'$'; msg: b'M>\x00\xc8\xc8'
INFO:root:RAW message sent by tcp: bytearray(b'$M<\x00ff')
INFO:root:Recived msg_header: b'$'; msg: b'M>\x12f\x0e\x00\xf4\xff\x06\x02\x00\x00\x00\x00\x00\x00\x00\x00\x00\x00\x00\x00u'
INFO:root:RAW message sent by tcp: bytearray(b'$M<\x00ll')
INFO:root:Recived msg_header: b'$'; msg: b'M>\x06l\xf3\xff\xf1\xff+\x01B'
INFO:root:RAW message sent by tcp: bytearray(b'$M<\x00ii')
INFO:root:Recived msg_header: b'$'; msg: b'M>$i\xdc\x05\xdc\x05\xdc\x05u\x03\xef\x06\xdc\x05\xdc\x05\xdc\x05\xdc\x05\xdc\x05\xdc\x05\xdc\x05\xdc\x05\xdc\x05\xdc\x05\xdc\x05\xdc\x05\xdc\x05\xd2'
INFO:root:RAW message sent by tcp: bytearray(b'$M<\x00\xde\xde')
INFO:root:Recived msg_header: b'$'; msg: b'M> \xde\xa8g\xff\xff\xb8\x82\x01\x00\x00\x00\x00\x00\x00\x00\x00\x00\x18\xfc\xff\xff\x00\x00\x00\x00\xb7\x0b\x00\x00\xb7\x0b\x00\x00\xee'
INFO:root:RAW message sent by tcp: bytearray(b'$M<\x10\xc8\x08\x07\x08\x07\xe8\x03\xdc\x05\xe8\x03\xe8\x03\xe8\x03\xd0\x07\xd6')
INFO:root:Recived msg_header: b'$'; msg: b'M>\x00\xc8\xc8'
INFO:root:RAW message sent by tcp: bytearray(b'$M<\x00ff')
INFO:root:Recived msg_header: b'$'; msg: b'M>\x12f\r\x00\xf4\xff\x06\x02\x00\x00\x00\x00\x00\x00\x00\x00\x00\x00\x00\x00v'
INFO:root:RAW message sent by tcp: bytearray(b'$M<\x00ll')
INFO:root:Recived msg_header: b'$'; msg: b'M>\x06l\xf3\xff\xf1\xff+\x01B'
INFO:root:RAW message sent by tcp: bytearray(b'$M<\x00ii')
INFO:root:Recived msg_header: b'$'; msg: b'M>$i\xdc\x05\xdc\x05\xdc\x05u\x03\xef\x06\xdc\x05\xdc\x05\xdc\x05\xdc\x05\xdc\x05\xdc\x05\xdc\x05\xdc\x05\xdc\x05\xdc\x05\xdc\x05\xdc\x05\xdc\x05\xd2'
INFO:root:RAW message sent by tcp: bytearray(b'$M<\x00\xde\xde')
INFO:root:Recived msg_header: b'$'; msg: b'M> \xde\xa8g\xff\xff\xb8\x82\x01\x00\x00\x00\x00\x00\x00\x00\x00\x00\x18\xfc\xff\xff\x00\x00\x00\x00\xb7\x0b\x00\x00\xb7\x0b\x00\x00\xee'
INFO:root:RAW message sent by tcp: bytearray(b'$M<\x10\xc8\x08\x07\x08\x07\xe8\x03\xdc\x05\xe8\x03\xe8\x03\xe8\x03\xd0\x07\xd6')
INFO:root:Recived msg_header: b'$'; msg: b'M>\x00\xc8\xc8'
INFO:root:RAW message sent by tcp: bytearray(b'$M<\x00ff')
INFO:root:Recived msg_header: b'$'; msg: b'M>\x12f\r\x00\xf4\xff\x06\x02\x00\x00\x00\x00\x00\x00\x00\x00\x00\x00\x00\x00v'
INFO:root:RAW message sent by tcp: bytearray(b'$M<\x00ll')
INFO:root:Recived msg_header: b'$'; msg: b'M>\x06l\xf3\xff\xf1\xff+\x01B'
INFO:root:RAW message sent by tcp: bytearray(b'$M<\x00ii')
INFO:root:Recived msg_header: b'$'; msg: b'M>$i\xdc\x05\xdc\x05\xdc\x05u\x03\xef\x06\xdc\x05\xdc\x05\xdc\x05\xdc\x05\xdc\x05\xdc\x05\xdc\x05\xdc\x05\xdc\x05\xdc\x05\xdc\x05\xdc\x05\xdc\x05\xd2'
INFO:root:RAW message sent by tcp: bytearray(b'$M<\x00\xde\xde')
INFO:root:Recived msg_header: b'$'; msg: b'M> \xde\xa8g\xff\xff\xb8\x82\x01\x00\x00\x00\x00\x00\x00\x00\x00\x00\x18\xfc\xff\xff\x00\x00\x00\x00\xb7\x0b\x00\x00\xb7\x0b\x00\x00\xee'
INFO:root:RAW message sent by tcp: bytearray(b'$M<\x10\xc8\x08\x07\x08\x07\xe8\x03\xdc\x05\xe8\x03\xe8\x03\xe8\x03\xd0\x07\xd6')
INFO:root:Recived msg_header: b'$'; msg: b'M>\x00\xc8\xc8'
INFO:root:RAW message sent by tcp: bytearray(b'$M<\x00ff')
INFO:root:Recived msg_header: b'$'; msg: b'M>\x12f\x0e\x00\xf4\xff\x05\x02\x00\x00\x00\x00\x00\x00\x00\x00\x00\x00\x00\x00v'
INFO:root:RAW message sent by tcp: bytearray(b'$M<\x00ll')
INFO:root:Recived msg_header: b'$'; msg: b'M>\x06l\xf3\xff\xf1\xff+\x01B'
INFO:root:RAW message sent by tcp: bytearray(b'$M<\x00ii')
INFO:root:Recived msg_header: b'$'; msg: b'M>$i\xdc\x05\xdc\x05\xdc\x05u\x03\xef\x06\xdc\x05\xdc\x05\xdc\x05\xdc\x05\xdc\x05\xdc\x05\xdc\x05\xdc\x05\xdc\x05\xdc\x05\xdc\x05\xdc\x05\xdc\x05\xd2'
INFO:root:RAW message sent by tcp: bytearray(b'$M<\x00\xde\xde')
INFO:root:Recived msg_header: b'$'; msg: b'M> \xde\xa8g\xff\xff\xb8\x82\x01\x00\x00\x00\x00\x00\x00\x00\x00\x00\x18\xfc\xff\xff\x00\x00\x00\x00\xb7\x0b\x00\x00\xb7\x0b\x00\x00\xee'
INFO:root:RAW message sent by tcp: bytearray(b'$M<\x10\xc8\x08\x07\x08\x07\xe8\x03\xdc\x05\xe8\x03\xe8\x03\xe8\x03\xd0\x07\xd6')
INFO:root:Recived msg_header: b'$'; msg: b'M>\x00\xc8\xc8'
INFO:root:RAW message sent by tcp: bytearray(b'$M<\x00ff')
INFO:root:Recived msg_header: b'$'; msg: b'M>\x12f\x0f\x00\xf4\xff\x06\x02\x00\x00\x00\x00\x00\x00\x00\x00\x00\x00\x00\x00t'
INFO:root:RAW message sent by tcp: bytearray(b'$M<\x00ll')
INFO:root:Recived msg_header: b'$'; msg: b'M>\x06l\xf3\xff\xf1\xff+\x01B'
INFO:root:RAW message sent by tcp: bytearray(b'$M<\x00ii')
INFO:root:Recived msg_header: b'$'; msg: b'M>$i\xdc\x05\xdc\x05\xdc\x05u\x03\xef\x06\xdc\x05\xdc\x05\xdc\x05\xdc\x05\xdc\x05\xdc\x05\xdc\x05\xdc\x05\xdc\x05\xdc\x05\xdc\x05\xdc\x05\xdc\x05\xd2'
INFO:root:RAW message sent by tcp: bytearray(b'$M<\x00\xde\xde')
INFO:root:Recived msg_header: b'$'; msg: b'M> \xde\xa8g\xff\xff\xb8\x82\x01\x00\x00\x00\x00\x00\x00\x00\x00\x00\x18\xfc\xff\xff\x00\x00\x00\x00\xb7\x0b\x00\x00\xb7\x0b\x00\x00\xee'
INFO:root:RAW message sent by tcp: bytearray(b'$M<\x10\xc8\x08\x07\x08\x07\xe8\x03\xdc\x05\xe8\x03\xe8\x03\xe8\x03\xd0\x07\xd6')
INFO:root:Recived msg_header: b'$'; msg: b'M>\x00\xc8\xc8'
INFO:root:RAW message sent by tcp: bytearray(b'$M<\x00ff')
INFO:root:Recived msg_header: b'$'; msg: b'M>\x12f\x0e\x00\xf4\xff\x06\x02\x00\x00\x00\x00\x00\x00\x00\x00\x00\x00\x00\x00u'
INFO:root:RAW message sent by tcp: bytearray(b'$M<\x00ll')
INFO:root:Recived msg_header: b'$'; msg: b'M>\x06l\xf3\xff\xf1\xff+\x01B'
INFO:root:RAW message sent by tcp: bytearray(b'$M<\x00ii')
INFO:root:Recived msg_header: b'$'; msg: b'M>$i\xdc\x05\xdc\x05\xdc\x05u\x03\xef\x06\xdc\x05\xdc\x05\xdc\x05\xdc\x05\xdc\x05\xdc\x05\xdc\x05\xdc\x05\xdc\x05\xdc\x05\xdc\x05\xdc\x05\xdc\x05\xd2'
INFO:root:RAW message sent by tcp: bytearray(b'$M<\x00\xde\xde')
INFO:root:Recived msg_header: b'$'; msg: b'M> \xde\xa8g\xff\xff\xb8\x82\x01\x00\x00\x00\x00\x00\x00\x00\x00\x00\x18\xfc\xff\xff\x00\x00\x00\x00\xb7\x0b\x00\x00\xb7\x0b\x00\x00\xee'
INFO:root:RAW message sent by tcp: bytearray(b'$M<\x10\xc8\x08\x07\x08\x07\xe8\x03\xdc\x05\xe8\x03\xe8\x03\xe8\x03\xd0\x07\xd6')
INFO:root:Recived msg_header: b'$'; msg: b'M>\x00\xc8\xc8'
INFO:root:RAW message sent by tcp: bytearray(b'$M<\x00ff')
INFO:root:Recived msg_header: b'$'; msg: b'M>\x12f\r\x00\xf3\xff\x05\x02\x00\x00\x00\x00\x00\x00\x00\x00\x00\x00\x00\x00r'
INFO:root:RAW message sent by tcp: bytearray(b'$M<\x00ll')
INFO:root:Recived msg_header: b'$'; msg: b'M>\x06l\xf3\xff\xf1\xff+\x01B'
INFO:root:RAW message sent by tcp: bytearray(b'$M<\x00ii')
